<?xml version="1.0" encoding="UTF-8"?>
<!-- Generated by org.testng.reporters.JUnitXMLReporter -->
<testsuite hostname="Mohammeds-MacBook-Pro.local" name="Command line test" tests="2" failures="1" timestamp="12 May 2020 09:22:49 GMT" time="41.516" errors="0">
  <testcase name="login" time="16.271" classname="com.qpros.authorization.LoginTest"/>
  <testcase name="login2" time="11.743" classname="com.qpros.authorization.LoginTest">
    <failure type="java.lang.AssertionError" message="expected [The email you’ve entered doesn’t match any account.] but found [The email you’ve entered doesn’t match any account. Sign up for an account.]">
      <![CDATA[java.lang.AssertionError: expected [The email you’ve entered doesn’t match any account.] but found [The email you’ve entered doesn’t match any account. Sign up for an account.]
	at com.qpros.authorization.LoginTest.login2(LoginTest.java:26)
... Removed 39 stack frames]]>
    </failure>
  </testcase> <!-- login2 -->
</testsuite> <!-- Command line test -->
