<?xml version="1.0" encoding="UTF-8" ?>
<testsuite tests="2" failures="1" name="com.qpros.authorization.LoginTest" time="28.016" errors="0" skipped="0">
  <properties>
[...]
</properties>
  <testcase classname="com.qpros.authorization.LoginTest" name="login" time="16.272"/>
  <testcase classname="com.qpros.authorization.LoginTest" name="login2" time="11.744">
    <failure message="expected [The email you’ve entered doesn’t match any account.] but found [The email you’ve entered doesn’t match any account. Sign up for an account.]" type="java.lang.AssertionError">java.lang.AssertionError: expected [The email you’ve entered doesn’t match any account.] but found [The email you’ve entered doesn’t match any account. Sign up for an account.]
	at org.testng.Assert.fail(Assert.java:94)
	at org.testng.Assert.failNotEquals(Assert.java:513)
	at org.testng.Assert.assertEqualsImpl(Assert.java:135)
	at org.testng.Assert.assertEquals(Assert.java:116)
	at org.testng.Assert.assertEquals(Assert.java:190)
	at org.testng.Assert.assertEquals(Assert.java:200)
	at com.qpros.authorization.LoginTest.login2(LoginTest.java:26)
</failure>
    <system-err>Starting ChromeDriver 81.0.4044.138 (8c6c7ba89cc9453625af54f11fd83179e23450fa-refs/branch-heads/4044@{#999}) on port 12231
Only local connections are allowed.
Please protect ports used by ChromeDriver and related test frameworks to prevent access by malicious code.
[1589275351.499][WARNING]: FromSockAddr failed on netmask
May 12, 2020 12:22:32 PM org.openqa.selenium.remote.ProtocolHandshake createSession
INFO: Detected dialect: W3C
[1589275353.588][SEVERE]: Timed out receiving message from renderer: 0.100
[1589275353.690][SEVERE]: Timed out receiving message from renderer: 0.100
[1589275353.792][SEVERE]: Timed out receiving message from renderer: 0.100
[1589275353.893][SEVERE]: Timed out receiving message from renderer: 0.100
[1589275354.359][SEVERE]: Timed out receiving message from renderer: 0.100
[1589275354.672][SEVERE]: Timed out receiving message from renderer: 0.100
[1589275354.833][SEVERE]: Timed out receiving message from renderer: 0.100
[1589275355.245][SEVERE]: Timed out receiving message from renderer: 0.100
[1589275355.347][SEVERE]: Timed out receiving message from renderer: 0.100
[1589275355.563][SEVERE]: Timed out receiving message from renderer: 0.100
[1589275355.665][SEVERE]: Timed out receiving message from renderer: 0.100
[1589275355.769][SEVERE]: Timed out receiving message from renderer: 0.100
[1589275355.871][SEVERE]: Timed out receiving message from renderer: 0.100
[1589275356.060][SEVERE]: Timed out receiving message from renderer: 0.100
[1589275356.163][SEVERE]: Timed out receiving message from renderer: 0.100
[1589275356.265][SEVERE]: Timed out receiving message from renderer: 0.100
[1589275356.367][SEVERE]: Timed out receiving message from renderer: 0.100
[1589275356.577][SEVERE]: Timed out receiving message from renderer: 0.100
[1589275356.752][SEVERE]: Timed out receiving message from renderer: 0.100
[1589275367.894][SEVERE]: Timed out receiving message from renderer: 0.100
[1589275367.996][SEVERE]: Timed out receiving message from renderer: 0.100
</system-err>
  </testcase>
</testsuite>